2020-12-31 11:07:52 - o.h.validator.internal.util.Version - HV000001: Hibernate Validator 6.1.6.Final
2020-12-31 11:07:53 - o.s.c.c.c.ConfigServicePropertySourceLocator - Fetching config from server at : http://localhost:8888
2020-12-31 11:07:53 - o.s.c.c.c.ConfigServicePropertySourceLocator - Located environment: name=user-service, profiles=[default], label=null, version=null, state=null
2020-12-31 11:07:53 - o.s.c.b.c.PropertySourceBootstrapConfiguration - Located property source: [BootstrapPropertySource {name='bootstrapProperties-classpath:/config/user-service.yml'}]
2020-12-31 11:07:53 - c.r.u.UserServiceApplication - No active profile set, falling back to default profiles: default
2020-12-31 11:07:54 - o.s.boot.actuate.endpoint.EndpointId - Endpoint ID 'hystrix.stream' contains invalid characters, please migrate to a valid format.
2020-12-31 11:07:54 - o.s.d.r.c.RepositoryConfigurationDelegate - Bootstrapping Spring Data JPA repositories in DEFERRED mode.
2020-12-31 11:07:54 - o.s.d.r.c.RepositoryConfigurationDelegate - Finished Spring Data repository scanning in 43ms. Found 2 JPA repository interfaces.
2020-12-31 11:07:54 - o.s.boot.actuate.endpoint.EndpointId - Endpoint ID 'service-registry' contains invalid characters, please migrate to a valid format.
2020-12-31 11:07:54 - o.s.cloud.context.scope.GenericScope - BeanFactory id=3a098b1a-1e15-3ad9-97cc-3c26b9c6779f
2020-12-31 11:07:54 - o.s.b.w.e.tomcat.TomcatWebServer - Tomcat initialized with port(s): 9001 (http)
2020-12-31 11:07:54 - o.a.coyote.http11.Http11NioProtocol - Initializing ProtocolHandler ["http-nio-9001"]
2020-12-31 11:07:54 - o.a.catalina.core.StandardService - Starting service [Tomcat]
2020-12-31 11:07:54 - o.a.catalina.core.StandardEngine - Starting Servlet engine: [Apache Tomcat/9.0.39]
2020-12-31 11:07:54 - o.a.c.c.C.[Tomcat].[localhost].[/] - Initializing Spring embedded WebApplicationContext
2020-12-31 11:07:54 - o.s.b.w.s.c.ServletWebServerApplicationContext - Root WebApplicationContext: initialization completed in 1187 ms
2020-12-31 11:07:55 - c.n.c.sources.URLConfigurationSource - No URLs will be polled as dynamic configuration sources.
2020-12-31 11:07:55 - c.n.c.sources.URLConfigurationSource - To enable URLs as dynamic configuration sources, define System property archaius.configurationSource.additionalUrls or make config.properties available on classpath.
2020-12-31 11:07:55 - c.n.config.DynamicPropertyFactory - DynamicPropertyFactory is initialized with configuration sources: com.netflix.config.ConcurrentCompositeConfiguration@517704
2020-12-31 11:07:55 - com.zaxxer.hikari.HikariDataSource - HikariPool-1 - Starting...
2020-12-31 11:07:55 - com.zaxxer.hikari.HikariDataSource - HikariPool-1 - Start completed.
2020-12-31 11:07:55 - o.s.b.a.h.H2ConsoleAutoConfiguration - H2 console available at '/h2-console'. Database available at 'jdbc:h2:mem:user-service-db'
2020-12-31 11:07:55 - c.r.userservice.filter.RequestFilter - Initializing filter :com.rsakin.userservice.filter.RequestFilter@5f193335
2020-12-31 11:07:55 - o.s.s.c.ThreadPoolTaskExecutor - Initializing ExecutorService 'applicationTaskExecutor'
2020-12-31 11:07:55 - o.h.jpa.internal.util.LogHelper - HHH000204: Processing PersistenceUnitInfo [name: default]
2020-12-31 11:07:55 - org.hibernate.Version - HHH000412: Hibernate ORM core version 5.4.22.Final
2020-12-31 11:07:55 - o.h.annotations.common.Version - HCANN000001: Hibernate Commons Annotations {5.1.0.Final}
2020-12-31 11:07:55 - org.hibernate.dialect.Dialect - HHH000400: Using dialect: org.hibernate.dialect.H2Dialect
2020-12-31 11:07:55 - o.h.e.t.j.p.i.JtaPlatformInitiator - HHH000490: Using JtaPlatform implementation: [org.hibernate.engine.transaction.jta.platform.internal.NoJtaPlatform]
2020-12-31 11:07:55 - o.s.o.j.LocalContainerEntityManagerFactoryBean - Initialized JPA EntityManagerFactory for persistence unit 'default'
2020-12-31 11:07:56 - o.s.b.a.o.j.JpaBaseConfiguration$JpaWebConfiguration - spring.jpa.open-in-view is enabled by default. Therefore, database queries may be performed during view rendering. Explicitly configure spring.jpa.open-in-view to disable this warning
2020-12-31 11:07:56 - o.s.b.a.e.web.EndpointLinksResolver - Exposing 0 endpoint(s) beneath base path '/actuator'
2020-12-31 11:07:56 - s.d.s.w.PropertySourcedRequestMappingHandlerMapping - Mapped URL path [/v2/api-docs] onto method [springfox.documentation.swagger2.web.Swagger2Controller#getDocumentation(String, HttpServletRequest)]
2020-12-31 11:07:56 - c.n.c.sources.URLConfigurationSource - No URLs will be polled as dynamic configuration sources.
2020-12-31 11:07:56 - c.n.c.sources.URLConfigurationSource - To enable URLs as dynamic configuration sources, define System property archaius.configurationSource.additionalUrls or make config.properties available on classpath.
2020-12-31 11:07:57 - o.s.c.n.e.c.DiscoveryClientOptionalArgsConfiguration - Eureka HTTP Client uses Jersey
2020-12-31 11:07:57 - o.s.c.l.c.BlockingLoadBalancerClientAutoConfiguration$BlockingLoadBalancerClientRibbonWarnLogger - You already have RibbonLoadBalancerClient on your classpath. It will be used by default. As Spring Cloud Ribbon is in maintenance mode. We recommend switching to BlockingLoadBalancerClient instead. In order to use it, set the value of `spring.cloud.loadbalancer.ribbon.enabled` to `false` or remove spring-cloud-starter-netflix-ribbon from your project.
2020-12-31 11:07:57 - o.s.c.n.eureka.InstanceInfoFactory - Setting initial instance status as: STARTING
2020-12-31 11:07:57 - c.netflix.discovery.DiscoveryClient - Initializing Eureka in region us-east-1
2020-12-31 11:07:57 - c.n.d.p.DiscoveryJerseyProvider - Using JSON encoding codec LegacyJacksonJson
2020-12-31 11:07:57 - c.n.d.p.DiscoveryJerseyProvider - Using JSON decoding codec LegacyJacksonJson
2020-12-31 11:07:57 - c.n.d.p.DiscoveryJerseyProvider - Using XML encoding codec XStreamXml
2020-12-31 11:07:57 - c.n.d.p.DiscoveryJerseyProvider - Using XML decoding codec XStreamXml
2020-12-31 11:07:57 - c.n.d.s.r.aws.ConfigClusterResolver - Resolving eureka endpoints via configuration
2020-12-31 11:07:57 - c.netflix.discovery.DiscoveryClient - Disable delta property : false
2020-12-31 11:07:57 - c.netflix.discovery.DiscoveryClient - Single vip registry refresh property : null
2020-12-31 11:07:57 - c.netflix.discovery.DiscoveryClient - Force full registry fetch : false
2020-12-31 11:07:57 - c.netflix.discovery.DiscoveryClient - Application is null : false
2020-12-31 11:07:57 - c.netflix.discovery.DiscoveryClient - Registered Applications size is zero : true
2020-12-31 11:07:57 - c.netflix.discovery.DiscoveryClient - Application version is -1: true
2020-12-31 11:07:57 - c.netflix.discovery.DiscoveryClient - Getting all instance registry info from the eureka server
2020-12-31 11:07:57 - c.netflix.discovery.DiscoveryClient - The response status is 200
2020-12-31 11:07:57 - c.netflix.discovery.DiscoveryClient - Starting heartbeat executor: renew interval is: 30
2020-12-31 11:07:57 - c.n.discovery.InstanceInfoReplicator - InstanceInfoReplicator onDemand update allowed rate per min is 4
2020-12-31 11:07:57 - c.netflix.discovery.DiscoveryClient - Discovery Client initialized at timestamp 1609402077845 with initial instances count: 2
2020-12-31 11:07:57 - o.s.c.n.e.s.EurekaServiceRegistry - Registering application USER-SERVICE with eureka with status UP
2020-12-31 11:07:57 - c.netflix.discovery.DiscoveryClient - Saw local status change event StatusChangeEvent [timestamp=1609402077848, current=UP, previous=STARTING]
2020-12-31 11:07:57 - o.a.coyote.http11.Http11NioProtocol - Starting ProtocolHandler ["http-nio-9001"]
2020-12-31 11:07:57 - c.netflix.discovery.DiscoveryClient - DiscoveryClient_USER-SERVICE/DESKTOP-LHI7496:user-service:9001: registering service...
2020-12-31 11:07:57 - o.s.b.w.e.tomcat.TomcatWebServer - Tomcat started on port(s): 9001 (http) with context path ''
2020-12-31 11:07:57 - o.s.c.n.e.s.EurekaAutoServiceRegistration - Updating port to 9001
2020-12-31 11:07:57 - c.netflix.discovery.DiscoveryClient - DiscoveryClient_USER-SERVICE/DESKTOP-LHI7496:user-service:9001 - registration status: 204
2020-12-31 11:07:58 - s.d.s.w.p.DocumentationPluginsBootstrapper - Context refreshed
2020-12-31 11:07:58 - s.d.s.w.p.DocumentationPluginsBootstrapper - Found 1 custom documentation plugin(s)
2020-12-31 11:07:58 - s.d.s.w.s.ApiListingReferenceScanner - Scanning for api listing references
2020-12-31 11:07:58 - s.d.s.w.r.o.CachingOperationNameGenerator - Generating unique operation named: deleteUsingDELETE_1
2020-12-31 11:07:58 - s.d.s.w.r.o.CachingOperationNameGenerator - Generating unique operation named: getUsingGET_1
2020-12-31 11:07:58 - s.d.s.w.r.o.CachingOperationNameGenerator - Generating unique operation named: getUsingGET_2
2020-12-31 11:07:58 - s.d.s.w.r.o.CachingOperationNameGenerator - Generating unique operation named: getAllUsingGET_1
2020-12-31 11:07:58 - s.d.s.w.r.o.CachingOperationNameGenerator - Generating unique operation named: getAllUsersWithAddressUsingGET_1
2020-12-31 11:07:58 - s.d.s.w.r.o.CachingOperationNameGenerator - Generating unique operation named: saveUsingPOST_1
2020-12-31 11:07:58 - s.d.s.w.r.o.CachingOperationNameGenerator - Generating unique operation named: updateUsingPUT_1
2020-12-31 11:07:58 - o.s.d.r.c.DeferredRepositoryInitializationListener - Triggering deferred initialization of Spring Data repositories…
2020-12-31 11:07:58 - o.s.d.r.c.DeferredRepositoryInitializationListener - Spring Data repositories initialized!
2020-12-31 11:07:58 - c.r.u.UserServiceApplication - Started UserServiceApplication in 6.128 seconds (JVM running for 6.914)
2020-12-31 11:07:58 - o.s.c.c.c.ConfigServicePropertySourceLocator - Fetching config from server at : http://localhost:8888
2020-12-31 11:07:59 - o.s.c.c.c.ConfigServicePropertySourceLocator - Located environment: name=user-service, profiles=[default], label=null, version=null, state=null
2020-12-31 11:07:59 - o.a.c.c.C.[Tomcat].[localhost].[/] - Initializing Spring DispatcherServlet 'dispatcherServlet'
2020-12-31 11:07:59 - o.s.web.servlet.DispatcherServlet - Initializing Servlet 'dispatcherServlet'
2020-12-31 11:07:59 - o.s.web.servlet.DispatcherServlet - Completed initialization in 5 ms
2020-12-31 11:08:27 - c.r.userservice.filter.RequestFilter - Logging Request  POST : http://localhost:9001/api/user/create : 127.0.0.1
2020-12-31 11:08:28 - c.r.userservice.filter.RequestFilter - Logging Response :application/json
2020-12-31 11:08:34 - c.r.userservice.filter.RequestFilter - Logging Request  GET : http://localhost:9001/api/user/username/rmznskn4 : 127.0.0.1
2020-12-31 11:08:34 - c.r.userservice.filter.RequestFilter - Logging Response :application/json
2020-12-31 11:08:34 - c.r.userservice.filter.RequestFilter - Logging Request  GET : http://localhost:9001/api/user/username/rmznskn4 : 127.0.0.1
2020-12-31 11:08:34 - c.r.userservice.filter.RequestFilter - Logging Response :application/json
2020-12-31 11:08:38 - c.r.userservice.filter.RequestFilter - Logging Request  GET : http://localhost:9001/api/user/username/rmznskn4 : 127.0.0.1
2020-12-31 11:08:38 - c.r.userservice.filter.RequestFilter - Logging Response :application/json
2020-12-31 11:08:38 - c.r.userservice.filter.RequestFilter - Logging Request  GET : http://localhost:9001/api/user/all : 0:0:0:0:0:0:0:1
2020-12-31 11:08:38 - c.r.userservice.filter.RequestFilter - Logging Response :application/json
